19:27:51 **** Incremental Build of configuration Debug for project mastcam_mvmt ****
make pre-build main-build 
a9-linaro-pre-build-step
' '
'Building file: ../src/MastcamControl.c'
'Invoking: ARM v7 gcc compiler'
arm-none-eabi-gcc -Wall -O0 -g3 -c -fmessage-length=0 -MT"src/MastcamControl.o" -mcpu=cortex-a9 -mfpu=vfpv3 -mfloat-abi=hard -I../../mastcam_mvmt_bsp/ps7_cortexa9_0/include -MMD -MP -MF"src/MastcamControl.d" -MT"src/MastcamControl.o" -o "src/MastcamControl.o" "../src/MastcamControl.c"
'Finished building: ../src/MastcamControl.c'
' '
'Building file: ../src/MastcamSupport.c'
'Invoking: ARM v7 gcc compiler'
arm-none-eabi-gcc -Wall -O0 -g3 -c -fmessage-length=0 -MT"src/MastcamSupport.o" -mcpu=cortex-a9 -mfpu=vfpv3 -mfloat-abi=hard -I../../mastcam_mvmt_bsp/ps7_cortexa9_0/include -MMD -MP -MF"src/MastcamSupport.d" -MT"src/MastcamSupport.o" -o "src/MastcamSupport.o" "../src/MastcamSupport.c"
../src/MastcamSupport.c: In function 'mastcam_getpos':
../src/MastcamSupport.c:132:6: warning: unused variable 'zenith_pos' [-Wunused-variable]
  int zenith_pos;
      ^~~~~~~~~~
../src/MastcamSupport.c:131:6: warning: unused variable 'azimuth_pos' [-Wunused-variable]
  int azimuth_pos;
      ^~~~~~~~~~~
At top level:
../src/MastcamSupport.c:48:22: warning: 'tilt_read_pos_buf' defined but not used [-Wunused-variable]
 static unsigned char tilt_read_pos_buf[READ_POS_BUF_SIZE_TX] = {LX16A_HEADER, LX16A_HEADER, TILT_MOTOR_ID, 0x03, SERVO_POS_READ, 0xde};
                      ^~~~~~~~~~~~~~~~~
'Finished building: ../src/MastcamSupport.c'
' '
'Building target: mastcam_mvmt.elf'
'Invoking: ARM v7 gcc linker'
arm-none-eabi-gcc -mcpu=cortex-a9 -mfpu=vfpv3 -mfloat-abi=hard -Wl,-build-id=none -specs=Xilinx.spec -Wl,-T -Wl,../src/lscript.ld -L../../mastcam_mvmt_bsp/ps7_cortexa9_0/lib -o "mastcam_mvmt.elf"  ./src/MastcamControl.o ./src/MastcamSupport.o ./src/platform.o   -Wl,--start-group,-lxil,-lgcc,-lc,--end-group
'Finished building target: mastcam_mvmt.elf'
' '
'Invoking: ARM v7 Print Size'
arm-none-eabi-size mastcam_mvmt.elf  |tee "mastcam_mvmt.elf.size"
   text	   data	    bss	    dec	    hex	filename
  39632	   3900	  22664	  66196	  10294	mastcam_mvmt.elf
'Finished building: mastcam_mvmt.elf.size'
' '

19:27:53 Build Finished (took 1s.551ms)

