
*** Running vivado
    with args -log block_design_wrapper.vdi -applog -m64 -product Vivado -messageDb vivado.pb -mode batch -source block_design_wrapper.tcl -notrace


****** Vivado v2018.2 (64-bit)
  **** SW Build 2258646 on Thu Jun 14 20:03:12 MDT 2018
  **** IP Build 2256618 on Thu Jun 14 22:10:49 MDT 2018
    ** Copyright 1986-2018 Xilinx, Inc. All Rights Reserved.

source block_design_wrapper.tcl -notrace
INFO: [IP_Flow 19-234] Refreshing IP repositories
INFO: [IP_Flow 19-1704] No user IP repositories specified
INFO: [IP_Flow 19-2313] Loaded Vivado IP repository 'C:/Xilinx/Vivado/2018.2/data/ip'.
Command: link_design -top block_design_wrapper -part xc7z020clg400-1
Design is defaulting to srcset: sources_1
Design is defaulting to constrset: constrs_1
INFO: [Project 1-454] Reading design checkpoint 'c:/Users/thoma/EBER/GIT/EBER/simple-motor-2018.2/simple-motor.srcs/sources_1/bd/block_design/ip/block_design_axi_timer_0_0/block_design_axi_timer_0_0.dcp' for cell 'block_design_i/axi_timer_0'
INFO: [Project 1-454] Reading design checkpoint 'c:/Users/thoma/EBER/GIT/EBER/simple-motor-2018.2/simple-motor.srcs/sources_1/bd/block_design/ip/block_design_axi_uartlite_0_0/block_design_axi_uartlite_0_0.dcp' for cell 'block_design_i/axi_uartlite_0'
INFO: [Project 1-454] Reading design checkpoint 'c:/Users/thoma/EBER/GIT/EBER/simple-motor-2018.2/simple-motor.srcs/sources_1/bd/block_design/ip/block_design_processing_system7_0_0/block_design_processing_system7_0_0.dcp' for cell 'block_design_i/processing_system7_0'
INFO: [Project 1-454] Reading design checkpoint 'c:/Users/thoma/EBER/GIT/EBER/simple-motor-2018.2/simple-motor.srcs/sources_1/bd/block_design/ip/block_design_rst_ps7_0_50M_0/block_design_rst_ps7_0_50M_0.dcp' for cell 'block_design_i/rst_ps7_0_50M'
INFO: [Project 1-454] Reading design checkpoint 'c:/Users/thoma/EBER/GIT/EBER/simple-motor-2018.2/simple-motor.srcs/sources_1/bd/block_design/ip/block_design_xlconcat_0_0/block_design_xlconcat_0_0.dcp' for cell 'block_design_i/xlconcat_0'
INFO: [Project 1-454] Reading design checkpoint 'c:/Users/thoma/EBER/GIT/EBER/simple-motor-2018.2/simple-motor.srcs/sources_1/bd/block_design/ip/block_design_xbar_0/block_design_xbar_0.dcp' for cell 'block_design_i/ps7_0_axi_periph/xbar'
INFO: [Project 1-454] Reading design checkpoint 'c:/Users/thoma/EBER/GIT/EBER/simple-motor-2018.2/simple-motor.srcs/sources_1/bd/block_design/ip/block_design_auto_pc_0/block_design_auto_pc_0.dcp' for cell 'block_design_i/ps7_0_axi_periph/s00_couplers/auto_pc'
INFO: [Netlist 29-17] Analyzing 59 Unisim elements for replacement
INFO: [Netlist 29-28] Unisim Transformation completed in 0 CPU seconds
INFO: [Project 1-479] Netlist was created with Vivado 2018.2
INFO: [Device 21-403] Loading part xc7z020clg400-1
INFO: [Project 1-570] Preparing netlist for logic optimization
Parsing XDC File [c:/Users/thoma/EBER/GIT/EBER/simple-motor-2018.2/simple-motor.srcs/sources_1/bd/block_design/ip/block_design_processing_system7_0_0/block_design_processing_system7_0_0.xdc] for cell 'block_design_i/processing_system7_0/inst'
Finished Parsing XDC File [c:/Users/thoma/EBER/GIT/EBER/simple-motor-2018.2/simple-motor.srcs/sources_1/bd/block_design/ip/block_design_processing_system7_0_0/block_design_processing_system7_0_0.xdc] for cell 'block_design_i/processing_system7_0/inst'
Parsing XDC File [c:/Users/thoma/EBER/GIT/EBER/simple-motor-2018.2/simple-motor.srcs/sources_1/bd/block_design/ip/block_design_axi_uartlite_0_0/block_design_axi_uartlite_0_0_board.xdc] for cell 'block_design_i/axi_uartlite_0/U0'
Finished Parsing XDC File [c:/Users/thoma/EBER/GIT/EBER/simple-motor-2018.2/simple-motor.srcs/sources_1/bd/block_design/ip/block_design_axi_uartlite_0_0/block_design_axi_uartlite_0_0_board.xdc] for cell 'block_design_i/axi_uartlite_0/U0'
Parsing XDC File [c:/Users/thoma/EBER/GIT/EBER/simple-motor-2018.2/simple-motor.srcs/sources_1/bd/block_design/ip/block_design_axi_uartlite_0_0/block_design_axi_uartlite_0_0.xdc] for cell 'block_design_i/axi_uartlite_0/U0'
Finished Parsing XDC File [c:/Users/thoma/EBER/GIT/EBER/simple-motor-2018.2/simple-motor.srcs/sources_1/bd/block_design/ip/block_design_axi_uartlite_0_0/block_design_axi_uartlite_0_0.xdc] for cell 'block_design_i/axi_uartlite_0/U0'
Parsing XDC File [c:/Users/thoma/EBER/GIT/EBER/simple-motor-2018.2/simple-motor.srcs/sources_1/bd/block_design/ip/block_design_rst_ps7_0_50M_0/block_design_rst_ps7_0_50M_0_board.xdc] for cell 'block_design_i/rst_ps7_0_50M/U0'
Finished Parsing XDC File [c:/Users/thoma/EBER/GIT/EBER/simple-motor-2018.2/simple-motor.srcs/sources_1/bd/block_design/ip/block_design_rst_ps7_0_50M_0/block_design_rst_ps7_0_50M_0_board.xdc] for cell 'block_design_i/rst_ps7_0_50M/U0'
Parsing XDC File [c:/Users/thoma/EBER/GIT/EBER/simple-motor-2018.2/simple-motor.srcs/sources_1/bd/block_design/ip/block_design_rst_ps7_0_50M_0/block_design_rst_ps7_0_50M_0.xdc] for cell 'block_design_i/rst_ps7_0_50M/U0'
Finished Parsing XDC File [c:/Users/thoma/EBER/GIT/EBER/simple-motor-2018.2/simple-motor.srcs/sources_1/bd/block_design/ip/block_design_rst_ps7_0_50M_0/block_design_rst_ps7_0_50M_0.xdc] for cell 'block_design_i/rst_ps7_0_50M/U0'
Parsing XDC File [c:/Users/thoma/EBER/GIT/EBER/simple-motor-2018.2/simple-motor.srcs/sources_1/bd/block_design/ip/block_design_axi_timer_0_0/block_design_axi_timer_0_0.xdc] for cell 'block_design_i/axi_timer_0/U0'
Finished Parsing XDC File [c:/Users/thoma/EBER/GIT/EBER/simple-motor-2018.2/simple-motor.srcs/sources_1/bd/block_design/ip/block_design_axi_timer_0_0/block_design_axi_timer_0_0.xdc] for cell 'block_design_i/axi_timer_0/U0'
Parsing XDC File [C:/Users/thoma/EBER/GIT/EBER/simple-motor-2018.2/simple-motor.srcs/constrs_1/new/zybo_z720_constraints.xdc]
Finished Parsing XDC File [C:/Users/thoma/EBER/GIT/EBER/simple-motor-2018.2/simple-motor.srcs/constrs_1/new/zybo_z720_constraints.xdc]
INFO: [Opt 31-138] Pushed 0 inverter(s) to 0 load pin(s).
INFO: [Project 1-111] Unisim Transformation Summary:
No Unisim elements were transformed.

17 Infos, 0 Warnings, 0 Critical Warnings and 0 Errors encountered.
link_design completed successfully
link_design: Time (s): cpu = 00:00:13 ; elapsed = 00:00:17 . Memory (MB): peak = 751.488 ; gain = 374.031
Command: opt_design
Attempting to get a license for feature 'Implementation' and/or device 'xc7z020'
INFO: [Common 17-349] Got license for feature 'Implementation' and/or device 'xc7z020'
Running DRC as a precondition to command opt_design

Starting DRC Task
INFO: [DRC 23-27] Running DRC with 2 threads
INFO: [Project 1-461] DRC finished with 0 Errors
INFO: [Project 1-462] Please refer to the DRC report (report_drc) for more information.

Time (s): cpu = 00:00:01 ; elapsed = 00:00:00.803 . Memory (MB): peak = 763.473 ; gain = 11.984

Starting Cache Timing Information Task
INFO: [Timing 38-35] Done setting XDC timing constraints.
Ending Cache Timing Information Task | Checksum: 1b577b9c3

Time (s): cpu = 00:00:12 ; elapsed = 00:00:15 . Memory (MB): peak = 1306.336 ; gain = 542.863

Starting Logic Optimization Task

Phase 1 Retarget
INFO: [Opt 31-138] Pushed 0 inverter(s) to 0 load pin(s).
INFO: [Opt 31-49] Retargeted 0 cell(s).
Phase 1 Retarget | Checksum: 16c5a2b15

Time (s): cpu = 00:00:00 ; elapsed = 00:00:00.323 . Memory (MB): peak = 1306.336 ; gain = 0.000
INFO: [Opt 31-389] Phase Retarget created 0 cells and removed 0 cells

Phase 2 Constant propagation
INFO: [Opt 31-138] Pushed 0 inverter(s) to 0 load pin(s).
Phase 2 Constant propagation | Checksum: 16c5a2b15

Time (s): cpu = 00:00:00 ; elapsed = 00:00:00.389 . Memory (MB): peak = 1306.336 ; gain = 0.000
INFO: [Opt 31-389] Phase Constant propagation created 0 cells and removed 0 cells

Phase 3 Sweep
Phase 3 Sweep | Checksum: aedeff69

Time (s): cpu = 00:00:01 ; elapsed = 00:00:00.867 . Memory (MB): peak = 1306.336 ; gain = 0.000
INFO: [Opt 31-389] Phase Sweep created 0 cells and removed 263 cells

Phase 4 BUFG optimization
Phase 4 BUFG optimization | Checksum: aedeff69

Time (s): cpu = 00:00:01 ; elapsed = 00:00:00.967 . Memory (MB): peak = 1306.336 ; gain = 0.000
INFO: [Opt 31-662] Phase BUFG optimization created 0 cells of which 0 are BUFGs and removed 0 cells.

Phase 5 Shift Register Optimization
Phase 5 Shift Register Optimization | Checksum: 1ac962b05

Time (s): cpu = 00:00:01 ; elapsed = 00:00:01 . Memory (MB): peak = 1306.336 ; gain = 0.000
INFO: [Opt 31-389] Phase Shift Register Optimization created 0 cells and removed 0 cells

Phase 6 Post Processing Netlist
Phase 6 Post Processing Netlist | Checksum: 1ac962b05

Time (s): cpu = 00:00:01 ; elapsed = 00:00:01 . Memory (MB): peak = 1306.336 ; gain = 0.000
INFO: [Opt 31-389] Phase Post Processing Netlist created 0 cells and removed 0 cells

Starting Connectivity Check Task

Time (s): cpu = 00:00:00 ; elapsed = 00:00:00.007 . Memory (MB): peak = 1306.336 ; gain = 0.000
Ending Logic Optimization Task | Checksum: 1ac962b05

Time (s): cpu = 00:00:01 ; elapsed = 00:00:01 . Memory (MB): peak = 1306.336 ; gain = 0.000

Starting Power Optimization Task
INFO: [Pwropt 34-132] Skipping clock gating for clocks with a period < 2.00 ns.
Ending Power Optimization Task | Checksum: 1ac962b05

Time (s): cpu = 00:00:00 ; elapsed = 00:00:00.030 . Memory (MB): peak = 1306.336 ; gain = 0.000

Starting Final Cleanup Task
Ending Final Cleanup Task | Checksum: 1ac962b05

Time (s): cpu = 00:00:00 ; elapsed = 00:00:00 . Memory (MB): peak = 1306.336 ; gain = 0.000
INFO: [Common 17-83] Releasing license: Implementation
33 Infos, 0 Warnings, 0 Critical Warnings and 0 Errors encountered.
opt_design completed successfully
opt_design: Time (s): cpu = 00:00:15 ; elapsed = 00:00:17 . Memory (MB): peak = 1306.336 ; gain = 554.848
INFO: [Timing 38-480] Writing timing data to binary archive.
Writing placer database...
Writing XDEF routing.
Writing XDEF routing logical nets.
Writing XDEF routing special nets.
Write XDEF Complete: Time (s): cpu = 00:00:01 ; elapsed = 00:00:00.106 . Memory (MB): peak = 1306.336 ; gain = 0.000
INFO: [Common 17-1381] The checkpoint 'C:/Users/thoma/EBER/GIT/EBER/simple-motor-2018.2/simple-motor.runs/impl_1/block_design_wrapper_opt.dcp' has been generated.
INFO: [runtcl-4] Executing : report_drc -file block_design_wrapper_drc_opted.rpt -pb block_design_wrapper_drc_opted.pb -rpx block_design_wrapper_drc_opted.rpx
Command: report_drc -file block_design_wrapper_drc_opted.rpt -pb block_design_wrapper_drc_opted.pb -rpx block_design_wrapper_drc_opted.rpx
INFO: [DRC 23-27] Running DRC with 2 threads
INFO: [Coretcl 2-168] The results of DRC are in file C:/Users/thoma/EBER/GIT/EBER/simple-motor-2018.2/simple-motor.runs/impl_1/block_design_wrapper_drc_opted.rpt.
report_drc completed successfully
Command: place_design
Attempting to get a license for feature 'Implementation' and/or device 'xc7z020'
INFO: [Common 17-349] Got license for feature 'Implementation' and/or device 'xc7z020'
INFO: [DRC 23-27] Running DRC with 2 threads
INFO: [Vivado_Tcl 4-198] DRC finished with 0 Errors
INFO: [Vivado_Tcl 4-199] Please refer to the DRC report (report_drc) for more information.
Running DRC as a precondition to command place_design
INFO: [DRC 23-27] Running DRC with 2 threads
INFO: [Vivado_Tcl 4-198] DRC finished with 0 Errors
INFO: [Vivado_Tcl 4-199] Please refer to the DRC report (report_drc) for more information.

Starting Placer Task
INFO: [Place 30-611] Multithreading enabled for place_design using a maximum of 2 CPUs

Phase 1 Placer Initialization

Phase 1.1 Placer Initialization Netlist Sorting
Netlist sorting complete. Time (s): cpu = 00:00:00 ; elapsed = 00:00:00.007 . Memory (MB): peak = 1306.336 ; gain = 0.000
Phase 1.1 Placer Initialization Netlist Sorting | Checksum: d8f32809

Time (s): cpu = 00:00:00 ; elapsed = 00:00:00.021 . Memory (MB): peak = 1306.336 ; gain = 0.000
Netlist sorting complete. Time (s): cpu = 00:00:00 ; elapsed = 00:00:00.006 . Memory (MB): peak = 1306.336 ; gain = 0.000

Phase 1.2 IO Placement/ Clock Placement/ Build Placer Device
INFO: [Timing 38-35] Done setting XDC timing constraints.
Phase 1.2 IO Placement/ Clock Placement/ Build Placer Device | Checksum: 15b9fd77a

Time (s): cpu = 00:00:03 ; elapsed = 00:00:03 . Memory (MB): peak = 1306.336 ; gain = 0.000

Phase 1.3 Build Placer Netlist Model
Phase 1.3 Build Placer Netlist Model | Checksum: 1eba0089e

Time (s): cpu = 00:00:04 ; elapsed = 00:00:04 . Memory (MB): peak = 1306.336 ; gain = 0.000

Phase 1.4 Constrain Clocks/Macros
Phase 1.4 Constrain Clocks/Macros | Checksum: 1eba0089e

Time (s): cpu = 00:00:04 ; elapsed = 00:00:04 . Memory (MB): peak = 1306.336 ; gain = 0.000
Phase 1 Placer Initialization | Checksum: 1eba0089e

Time (s): cpu = 00:00:04 ; elapsed = 00:00:04 . Memory (MB): peak = 1306.336 ; gain = 0.000

Phase 2 Global Placement

Phase 2.1 Floorplanning
Phase 2.1 Floorplanning | Checksum: 22177cb0f

Time (s): cpu = 00:00:04 ; elapsed = 00:00:04 . Memory (MB): peak = 1306.336 ; gain = 0.000

Phase 2.2 Physical Synthesis In Placer
INFO: [Physopt 32-65] No nets found for high-fanout optimization.
INFO: [Physopt 32-232] Optimized 0 net. Created 0 new instance.
INFO: [Physopt 32-775] End 1 Pass. Optimized 0 net or cell. Created 0 new cell, deleted 0 existing cell and moved 0 existing cell
Netlist sorting complete. Time (s): cpu = 00:00:00 ; elapsed = 00:00:00.012 . Memory (MB): peak = 1306.336 ; gain = 0.000

Summary of Physical Synthesis Optimizations
============================================


-----------------------------------------------------------------------------------------------------------------------------
|  Optimization       |  Added Cells  |  Removed Cells  |  Optimized Cells/Nets  |  Dont Touch  |  Iterations  |  Elapsed   |
-----------------------------------------------------------------------------------------------------------------------------
|  Very High Fanout   |            0  |              0  |                     0  |           0  |           1  |  00:00:00  |
|  Total              |            0  |              0  |                     0  |           0  |           1  |  00:00:00  |
-----------------------------------------------------------------------------------------------------------------------------


Phase 2.2 Physical Synthesis In Placer | Checksum: 23f25a88c

Time (s): cpu = 00:00:12 ; elapsed = 00:00:08 . Memory (MB): peak = 1306.336 ; gain = 0.000
Phase 2 Global Placement | Checksum: 287b83f04

Time (s): cpu = 00:00:12 ; elapsed = 00:00:08 . Memory (MB): peak = 1306.336 ; gain = 0.000

Phase 3 Detail Placement

Phase 3.1 Commit Multi Column Macros
Phase 3.1 Commit Multi Column Macros | Checksum: 287b83f04

Time (s): cpu = 00:00:12 ; elapsed = 00:00:08 . Memory (MB): peak = 1306.336 ; gain = 0.000

Phase 3.2 Commit Most Macros & LUTRAMs
Phase 3.2 Commit Most Macros & LUTRAMs | Checksum: 214322b83

Time (s): cpu = 00:00:13 ; elapsed = 00:00:09 . Memory (MB): peak = 1306.336 ; gain = 0.000

Phase 3.3 Area Swap Optimization
Phase 3.3 Area Swap Optimization | Checksum: 1f81c8ce4

Time (s): cpu = 00:00:13 ; elapsed = 00:00:09 . Memory (MB): peak = 1306.336 ; gain = 0.000

Phase 3.4 Pipeline Register Optimization
Phase 3.4 Pipeline Register Optimization | Checksum: 1bd0daa23

Time (s): cpu = 00:00:13 ; elapsed = 00:00:09 . Memory (MB): peak = 1306.336 ; gain = 0.000

Phase 3.5 Small Shape Detail Placement
Phase 3.5 Small Shape Detail Placement | Checksum: 1d9d973d6

Time (s): cpu = 00:00:14 ; elapsed = 00:00:10 . Memory (MB): peak = 1306.336 ; gain = 0.000

Phase 3.6 Re-assign LUT pins
Phase 3.6 Re-assign LUT pins | Checksum: 1c3808945

Time (s): cpu = 00:00:14 ; elapsed = 00:00:10 . Memory (MB): peak = 1306.336 ; gain = 0.000

Phase 3.7 Pipeline Register Optimization
Phase 3.7 Pipeline Register Optimization | Checksum: 1c3808945

Time (s): cpu = 00:00:14 ; elapsed = 00:00:10 . Memory (MB): peak = 1306.336 ; gain = 0.000
Phase 3 Detail Placement | Checksum: 1c3808945

Time (s): cpu = 00:00:14 ; elapsed = 00:00:10 . Memory (MB): peak = 1306.336 ; gain = 0.000

Phase 4 Post Placement Optimization and Clean-Up

Phase 4.1 Post Commit Optimization
INFO: [Timing 38-35] Done setting XDC timing constraints.

Phase 4.1.1 Post Placement Optimization
Post Placement Optimization Initialization | Checksum: 1d5c653d1

Phase 4.1.1.1 BUFG Insertion
INFO: [Place 46-31] BUFG insertion identified 0 candidate nets, 0 success, 0 skipped for placement/routing, 0 skipped for timing, 0 skipped for netlist change reason.
Phase 4.1.1.1 BUFG Insertion | Checksum: 1d5c653d1

Time (s): cpu = 00:00:15 ; elapsed = 00:00:11 . Memory (MB): peak = 1323.172 ; gain = 16.836
INFO: [Place 30-746] Post Placement Timing Summary WNS=13.375. For the most accurate timing information please run report_timing.
Phase 4.1.1 Post Placement Optimization | Checksum: 116879b7d

Time (s): cpu = 00:00:15 ; elapsed = 00:00:11 . Memory (MB): peak = 1323.172 ; gain = 16.836
Phase 4.1 Post Commit Optimization | Checksum: 116879b7d

Time (s): cpu = 00:00:15 ; elapsed = 00:00:11 . Memory (MB): peak = 1323.172 ; gain = 16.836

Phase 4.2 Post Placement Cleanup
Phase 4.2 Post Placement Cleanup | Checksum: 116879b7d

Time (s): cpu = 00:00:15 ; elapsed = 00:00:11 . Memory (MB): peak = 1323.172 ; gain = 16.836

Phase 4.3 Placer Reporting
Phase 4.3 Placer Reporting | Checksum: 116879b7d

Time (s): cpu = 00:00:15 ; elapsed = 00:00:11 . Memory (MB): peak = 1323.172 ; gain = 16.836

Phase 4.4 Final Placement Cleanup
Phase 4.4 Final Placement Cleanup | Checksum: 139d79bec

Time (s): cpu = 00:00:15 ; elapsed = 00:00:11 . Memory (MB): peak = 1323.172 ; gain = 16.836
Phase 4 Post Placement Optimization and Clean-Up | Checksum: 139d79bec

Time (s): cpu = 00:00:15 ; elapsed = 00:00:11 . Memory (MB): peak = 1323.172 ; gain = 16.836
Ending Placer Task | Checksum: 10098e5b0

Time (s): cpu = 00:00:15 ; elapsed = 00:00:11 . Memory (MB): peak = 1323.172 ; gain = 16.836
INFO: [Common 17-83] Releasing license: Implementation
54 Infos, 0 Warnings, 0 Critical Warnings and 0 Errors encountered.
place_design completed successfully
place_design: Time (s): cpu = 00:00:18 ; elapsed = 00:00:13 . Memory (MB): peak = 1323.172 ; gain = 16.836
INFO: [Timing 38-480] Writing timing data to binary archive.
Writing placer database...
Writing XDEF routing.
Writing XDEF routing logical nets.
Writing XDEF routing special nets.
Write XDEF Complete: Time (s): cpu = 00:00:02 ; elapsed = 00:00:00.555 . Memory (MB): peak = 1330.746 ; gain = 7.574
INFO: [Common 17-1381] The checkpoint 'C:/Users/thoma/EBER/GIT/EBER/simple-motor-2018.2/simple-motor.runs/impl_1/block_design_wrapper_placed.dcp' has been generated.
INFO: [runtcl-4] Executing : report_io -file block_design_wrapper_io_placed.rpt
report_io: Time (s): cpu = 00:00:00 ; elapsed = 00:00:00.068 . Memory (MB): peak = 1330.746 ; gain = 0.000
INFO: [runtcl-4] Executing : report_utilization -file block_design_wrapper_utilization_placed.rpt -pb block_design_wrapper_utilization_placed.pb
report_utilization: Time (s): cpu = 00:00:00 ; elapsed = 00:00:00.090 . Memory (MB): peak = 1330.746 ; gain = 0.000
INFO: [runtcl-4] Executing : report_control_sets -verbose -file block_design_wrapper_control_sets_placed.rpt
report_control_sets: Time (s): cpu = 00:00:00 ; elapsed = 00:00:00.027 . Memory (MB): peak = 1330.746 ; gain = 0.000
Command: route_design
Attempting to get a license for feature 'Implementation' and/or device 'xc7z020'
INFO: [Common 17-349] Got license for feature 'Implementation' and/or device 'xc7z020'
Running DRC as a precondition to command route_design
INFO: [DRC 23-27] Running DRC with 2 threads
INFO: [Vivado_Tcl 4-198] DRC finished with 0 Errors
INFO: [Vivado_Tcl 4-199] Please refer to the DRC report (report_drc) for more information.


Starting Routing Task
INFO: [Route 35-254] Multithreading enabled for route_design using a maximum of 2 CPUs
Checksum: PlaceDB: 1b94ead9 ConstDB: 0 ShapeSum: e503fad7 RouteDB: 0

Phase 1 Build RT Design
Phase 1 Build RT Design | Checksum: 1a7d6f0ef

Time (s): cpu = 00:00:37 ; elapsed = 00:00:32 . Memory (MB): peak = 1447.227 ; gain = 116.480
Post Restoration Checksum: NetGraph: dc7b904d NumContArr: cb5b60a2 Constraints: 0 Timing: 0

Phase 2 Router Initialization

Phase 2.1 Create Timer
Phase 2.1 Create Timer | Checksum: 1a7d6f0ef

Time (s): cpu = 00:00:37 ; elapsed = 00:00:32 . Memory (MB): peak = 1447.227 ; gain = 116.480

Phase 2.2 Fix Topology Constraints
Phase 2.2 Fix Topology Constraints | Checksum: 1a7d6f0ef

Time (s): cpu = 00:00:37 ; elapsed = 00:00:32 . Memory (MB): peak = 1454.227 ; gain = 123.480

Phase 2.3 Pre Route Cleanup
Phase 2.3 Pre Route Cleanup | Checksum: 1a7d6f0ef

Time (s): cpu = 00:00:37 ; elapsed = 00:00:32 . Memory (MB): peak = 1454.227 ; gain = 123.480
 Number of Nodes with overlaps = 0

Phase 2.4 Update Timing
Phase 2.4 Update Timing | Checksum: 10009a777

Time (s): cpu = 00:00:38 ; elapsed = 00:00:33 . Memory (MB): peak = 1475.648 ; gain = 144.902
INFO: [Route 35-416] Intermediate Timing Summary | WNS=13.468 | TNS=0.000  | WHS=-0.186 | THS=-23.401|

Phase 2 Router Initialization | Checksum: 13ebf2843

Time (s): cpu = 00:00:38 ; elapsed = 00:00:33 . Memory (MB): peak = 1475.648 ; gain = 144.902

Phase 3 Initial Routing
Phase 3 Initial Routing | Checksum: 1a7a77b0f

Time (s): cpu = 00:00:39 ; elapsed = 00:00:33 . Memory (MB): peak = 1475.648 ; gain = 144.902

Phase 4 Rip-up And Reroute

Phase 4.1 Global Iteration 0
 Number of Nodes with overlaps = 124
 Number of Nodes with overlaps = 0
INFO: [Route 35-416] Intermediate Timing Summary | WNS=13.311 | TNS=0.000  | WHS=N/A    | THS=N/A    |

Phase 4.1 Global Iteration 0 | Checksum: 170005963

Time (s): cpu = 00:00:39 ; elapsed = 00:00:34 . Memory (MB): peak = 1475.648 ; gain = 144.902

Phase 4.2 Global Iteration 1
 Number of Nodes with overlaps = 3
 Number of Nodes with overlaps = 0
INFO: [Route 35-416] Intermediate Timing Summary | WNS=13.311 | TNS=0.000  | WHS=N/A    | THS=N/A    |

Phase 4.2 Global Iteration 1 | Checksum: 17aac81ce

Time (s): cpu = 00:00:39 ; elapsed = 00:00:34 . Memory (MB): peak = 1475.648 ; gain = 144.902
Phase 4 Rip-up And Reroute | Checksum: 17aac81ce

Time (s): cpu = 00:00:39 ; elapsed = 00:00:34 . Memory (MB): peak = 1475.648 ; gain = 144.902

Phase 5 Delay and Skew Optimization

Phase 5.1 Delay CleanUp

Phase 5.1.1 Update Timing
Phase 5.1.1 Update Timing | Checksum: 169a4c878

Time (s): cpu = 00:00:40 ; elapsed = 00:00:34 . Memory (MB): peak = 1475.648 ; gain = 144.902
INFO: [Route 35-416] Intermediate Timing Summary | WNS=13.325 | TNS=0.000  | WHS=N/A    | THS=N/A    |

Phase 5.1 Delay CleanUp | Checksum: 169a4c878

Time (s): cpu = 00:00:40 ; elapsed = 00:00:34 . Memory (MB): peak = 1475.648 ; gain = 144.902

Phase 5.2 Clock Skew Optimization
Phase 5.2 Clock Skew Optimization | Checksum: 169a4c878

Time (s): cpu = 00:00:40 ; elapsed = 00:00:34 . Memory (MB): peak = 1475.648 ; gain = 144.902
Phase 5 Delay and Skew Optimization | Checksum: 169a4c878

Time (s): cpu = 00:00:40 ; elapsed = 00:00:34 . Memory (MB): peak = 1475.648 ; gain = 144.902

Phase 6 Post Hold Fix

Phase 6.1 Hold Fix Iter

Phase 6.1.1 Update Timing
Phase 6.1.1 Update Timing | Checksum: 15b53b4de

Time (s): cpu = 00:00:40 ; elapsed = 00:00:34 . Memory (MB): peak = 1475.648 ; gain = 144.902
INFO: [Route 35-416] Intermediate Timing Summary | WNS=13.325 | TNS=0.000  | WHS=0.031  | THS=0.000  |

Phase 6.1 Hold Fix Iter | Checksum: 1d7c8cb18

Time (s): cpu = 00:00:40 ; elapsed = 00:00:34 . Memory (MB): peak = 1475.648 ; gain = 144.902
Phase 6 Post Hold Fix | Checksum: 1d7c8cb18

Time (s): cpu = 00:00:40 ; elapsed = 00:00:34 . Memory (MB): peak = 1475.648 ; gain = 144.902

Phase 7 Route finalize

Router Utilization Summary
  Global Vertical Routing Utilization    = 0.18717 %
  Global Horizontal Routing Utilization  = 0.277806 %
  Routable Net Status*
  *Does not include unroutable nets such as driverless and loadless.
  Run report_route_status for detailed report.
  Number of Failed Nets               = 0
  Number of Unrouted Nets             = 0
  Number of Partially Routed Nets     = 0
  Number of Node Overlaps             = 0

Phase 7 Route finalize | Checksum: 1d14423c5

Time (s): cpu = 00:00:40 ; elapsed = 00:00:34 . Memory (MB): peak = 1475.648 ; gain = 144.902

Phase 8 Verifying routed nets

 Verification completed successfully
Phase 8 Verifying routed nets | Checksum: 1d14423c5

Time (s): cpu = 00:00:40 ; elapsed = 00:00:34 . Memory (MB): peak = 1475.648 ; gain = 144.902

Phase 9 Depositing Routes
Phase 9 Depositing Routes | Checksum: 2aef916da

Time (s): cpu = 00:00:40 ; elapsed = 00:00:34 . Memory (MB): peak = 1475.648 ; gain = 144.902

Phase 10 Post Router Timing
INFO: [Route 35-57] Estimated Timing Summary | WNS=13.325 | TNS=0.000  | WHS=0.031  | THS=0.000  |

INFO: [Route 35-327] The final timing numbers are based on the router estimated timing analysis. For a complete and accurate timing signoff, please run report_timing_summary.
Phase 10 Post Router Timing | Checksum: 2aef916da

Time (s): cpu = 00:00:40 ; elapsed = 00:00:34 . Memory (MB): peak = 1475.648 ; gain = 144.902
INFO: [Route 35-16] Router Completed Successfully

Time (s): cpu = 00:00:40 ; elapsed = 00:00:34 . Memory (MB): peak = 1475.648 ; gain = 144.902

Routing Is Done.
INFO: [Common 17-83] Releasing license: Implementation
73 Infos, 0 Warnings, 0 Critical Warnings and 0 Errors encountered.
route_design completed successfully
route_design: Time (s): cpu = 00:00:44 ; elapsed = 00:00:37 . Memory (MB): peak = 1475.648 ; gain = 144.902
INFO: [Timing 38-480] Writing timing data to binary archive.
Writing placer database...
Writing XDEF routing.
Writing XDEF routing logical nets.
Writing XDEF routing special nets.
Write XDEF Complete: Time (s): cpu = 00:00:01 ; elapsed = 00:00:00.327 . Memory (MB): peak = 1475.648 ; gain = 0.000
INFO: [Common 17-1381] The checkpoint 'C:/Users/thoma/EBER/GIT/EBER/simple-motor-2018.2/simple-motor.runs/impl_1/block_design_wrapper_routed.dcp' has been generated.
INFO: [runtcl-4] Executing : report_drc -file block_design_wrapper_drc_routed.rpt -pb block_design_wrapper_drc_routed.pb -rpx block_design_wrapper_drc_routed.rpx
Command: report_drc -file block_design_wrapper_drc_routed.rpt -pb block_design_wrapper_drc_routed.pb -rpx block_design_wrapper_drc_routed.rpx
INFO: [DRC 23-27] Running DRC with 2 threads
INFO: [Coretcl 2-168] The results of DRC are in file C:/Users/thoma/EBER/GIT/EBER/simple-motor-2018.2/simple-motor.runs/impl_1/block_design_wrapper_drc_routed.rpt.
report_drc completed successfully
INFO: [runtcl-4] Executing : report_methodology -file block_design_wrapper_methodology_drc_routed.rpt -pb block_design_wrapper_methodology_drc_routed.pb -rpx block_design_wrapper_methodology_drc_routed.rpx
Command: report_methodology -file block_design_wrapper_methodology_drc_routed.rpt -pb block_design_wrapper_methodology_drc_routed.pb -rpx block_design_wrapper_methodology_drc_routed.rpx
INFO: [Timing 38-35] Done setting XDC timing constraints.
INFO: [Timing 38-35] Done setting XDC timing constraints.
INFO: [DRC 23-133] Running Methodology with 2 threads
INFO: [Coretcl 2-1520] The results of Report Methodology are in file C:/Users/thoma/EBER/GIT/EBER/simple-motor-2018.2/simple-motor.runs/impl_1/block_design_wrapper_methodology_drc_routed.rpt.
report_methodology completed successfully
INFO: [runtcl-4] Executing : report_power -file block_design_wrapper_power_routed.rpt -pb block_design_wrapper_power_summary_routed.pb -rpx block_design_wrapper_power_routed.rpx
Command: report_power -file block_design_wrapper_power_routed.rpt -pb block_design_wrapper_power_summary_routed.pb -rpx block_design_wrapper_power_routed.rpx
INFO: [Timing 38-35] Done setting XDC timing constraints.
Running Vector-less Activity Propagation...

Finished Running Vector-less Activity Propagation
85 Infos, 0 Warnings, 0 Critical Warnings and 0 Errors encountered.
report_power completed successfully
INFO: [runtcl-4] Executing : report_route_status -file block_design_wrapper_route_status.rpt -pb block_design_wrapper_route_status.pb
INFO: [runtcl-4] Executing : report_timing_summary -max_paths 10 -file block_design_wrapper_timing_summary_routed.rpt -pb block_design_wrapper_timing_summary_routed.pb -rpx block_design_wrapper_timing_summary_routed.rpx -warn_on_violation 
INFO: [Timing 38-91] UpdateTimingParams: Speed grade: -1, Delay Type: min_max, Timing Stage: Requireds.
INFO: [Timing 38-191] Multithreading enabled for timing update using a maximum of 2 CPUs
INFO: [runtcl-4] Executing : report_incremental_reuse -file block_design_wrapper_incremental_reuse_routed.rpt
INFO: [Vivado_Tcl 4-545] No incremental reuse to report, no incremental placement and routing data was found.
INFO: [runtcl-4] Executing : report_clock_utilization -file block_design_wrapper_clock_utilization_routed.rpt
INFO: [runtcl-4] Executing : report_bus_skew -warn_on_violation -file block_design_wrapper_bus_skew_routed.rpt -pb block_design_wrapper_bus_skew_routed.pb -rpx block_design_wrapper_bus_skew_routed.rpx
INFO: [Timing 38-91] UpdateTimingParams: Speed grade: -1, Delay Type: min_max, Timing Stage: Requireds.
INFO: [Timing 38-191] Multithreading enabled for timing update using a maximum of 2 CPUs
Command: write_bitstream -force block_design_wrapper.bit
Attempting to get a license for feature 'Implementation' and/or device 'xc7z020'
INFO: [Common 17-349] Got license for feature 'Implementation' and/or device 'xc7z020'
Running DRC as a precondition to command write_bitstream
INFO: [DRC 23-27] Running DRC with 2 threads
INFO: [Vivado 12-3199] DRC finished with 0 Errors
INFO: [Vivado 12-3200] Please refer to the DRC report (report_drc) for more information.
INFO: [Designutils 20-2272] Running write_bitstream with 2 threads.
Loading data files...
Loading site data...
Loading route data...
Processing options...
Creating bitmap...
Creating bitstream...
Writing bitstream ./block_design_wrapper.bit...
INFO: [Vivado 12-1842] Bitgen Completed Successfully.
INFO: [Project 1-120] WebTalk data collection is mandatory when using a WebPACK part without a full Vivado license. To see the specific WebTalk data collected for your design, open the usage_statistics_webtalk.html or usage_statistics_webtalk.xml file in the implementation directory.
INFO: [Common 17-83] Releasing license: Implementation
103 Infos, 0 Warnings, 0 Critical Warnings and 0 Errors encountered.
write_bitstream completed successfully
write_bitstream: Time (s): cpu = 00:00:20 ; elapsed = 00:00:19 . Memory (MB): peak = 1910.605 ; gain = 414.574
INFO: [Common 17-206] Exiting Vivado at Sun Jan 17 09:19:06 2021...
