09:21:04 INFO  : Registering command handlers for SDK TCF services
09:21:05 INFO  : Launching XSCT server: xsct.bat -interactive C:\Users\thoma\EBER\GIT\EBER\simple-motor-2018.2\simple-motor.sdk\temp_xsdb_launch_script.tcl
09:21:07 INFO  : XSCT server has started successfully.
09:21:07 INFO  : Successfully done setting XSCT server connection channel  
09:21:07 INFO  : Processing command line option -hwspec C:/Users/thoma/EBER/GIT/EBER/simple-motor-2018.2/simple-motor.sdk/block_design_wrapper.hdf.
09:21:07 INFO  : Successfully done setting SDK workspace  
09:36:04 INFO  : Connected to target on host '127.0.0.1' and port '3121'.
09:36:06 INFO  : 'targets -set -filter {jtag_cable_name =~ "Digilent Zybo Z7 210351A81DE5A" && level==0} -index 1' command is executed.
09:36:09 INFO  : FPGA configured successfully with bitstream "C:/Users/thoma/EBER/GIT/EBER/simple-motor-2018.2/simple-motor.sdk/block_design_wrapper_hw_platform_0/block_design_wrapper.bit"
09:36:51 INFO  : 'targets -set -filter {jtag_cable_name =~ "Digilent Zybo Z7 210351A81DE5A" && level==0} -index 1' command is executed.
09:36:51 INFO  : 'fpga -state' command is executed.
09:36:51 INFO  : Connected to target on host '127.0.0.1' and port '3121'.
09:36:52 INFO  : Jtag cable 'Digilent Zybo Z7 210351A81DE5A' is selected.
09:36:52 INFO  : 'jtag frequency' command is executed.
09:36:52 INFO  : Sourcing of 'C:/Users/thoma/EBER/GIT/EBER/simple-motor-2018.2/simple-motor.sdk/block_design_wrapper_hw_platform_0/ps7_init.tcl' is done.
09:36:52 INFO  : Context for 'APU' is selected.
09:36:52 INFO  : Hardware design information is loaded from 'C:/Users/thoma/EBER/GIT/EBER/simple-motor-2018.2/simple-motor.sdk/block_design_wrapper_hw_platform_0/system.hdf'.
09:36:52 INFO  : 'configparams force-mem-access 1' command is executed.
09:36:52 INFO  : Context for 'APU' is selected.
09:36:52 INFO  : 'stop' command is executed.
09:36:52 INFO  : 'ps7_init' command is executed.
09:36:53 INFO  : 'ps7_post_config' command is executed.
09:36:53 INFO  : Context for processor 'ps7_cortexa9_0' is selected.
09:36:53 INFO  : Processor reset is completed for 'ps7_cortexa9_0'.
09:36:53 INFO  : Context for processor 'ps7_cortexa9_0' is selected.
09:36:53 INFO  : The application 'C:/Users/thoma/EBER/GIT/EBER/simple-motor-2018.2/simple-motor.sdk/eber-control/Debug/eber-control.elf' is downloaded to processor 'ps7_cortexa9_0'.
09:36:53 INFO  : 'configparams force-mem-access 0' command is executed.
09:36:53 INFO  : ----------------XSDB Script----------------
connect -url tcp:127.0.0.1:3121
source C:/Users/thoma/EBER/GIT/EBER/simple-motor-2018.2/simple-motor.sdk/block_design_wrapper_hw_platform_0/ps7_init.tcl
targets -set -nocase -filter {name =~"APU*" && jtag_cable_name =~ "Digilent Zybo Z7 210351A81DE5A"} -index 0
loadhw -hw C:/Users/thoma/EBER/GIT/EBER/simple-motor-2018.2/simple-motor.sdk/block_design_wrapper_hw_platform_0/system.hdf -mem-ranges [list {0x40000000 0xbfffffff}]
configparams force-mem-access 1
targets -set -nocase -filter {name =~"APU*" && jtag_cable_name =~ "Digilent Zybo Z7 210351A81DE5A"} -index 0
stop
ps7_init
ps7_post_config
targets -set -nocase -filter {name =~ "ARM*#0" && jtag_cable_name =~ "Digilent Zybo Z7 210351A81DE5A"} -index 0
rst -processor
targets -set -nocase -filter {name =~ "ARM*#0" && jtag_cable_name =~ "Digilent Zybo Z7 210351A81DE5A"} -index 0
dow C:/Users/thoma/EBER/GIT/EBER/simple-motor-2018.2/simple-motor.sdk/eber-control/Debug/eber-control.elf
configparams force-mem-access 0
----------------End of Script----------------

09:36:53 INFO  : Memory regions updated for context APU
09:36:53 INFO  : Context for processor 'ps7_cortexa9_0' is selected.
09:36:53 INFO  : 'con' command is executed.
09:36:53 INFO  : ----------------XSDB Script (After Launch)----------------
targets -set -nocase -filter {name =~ "ARM*#0" && jtag_cable_name =~ "Digilent Zybo Z7 210351A81DE5A"} -index 0
con
----------------End of Script----------------

09:36:53 INFO  : Launch script is exported to file 'C:\Users\thoma\EBER\GIT\EBER\simple-motor-2018.2\simple-motor.sdk\.sdk\launch_scripts\xilinx_c-c++_application_(system_debugger)\system_debugger_using_debug_eber-control.elf_on_local.tcl'
09:42:00 INFO  : Disconnected from the channel tcfchan#1.
